

[Mon Nov 11 18:29:35 2019] [arquivos/log_profundidade.log][Local: arquivos/2.txt]


 [matrizAdjacencia.h - le_matriz_arquivo() -  Linha 72] [matrizAdjacencia.h - print_matriz() -  Linha 36]:

 MATRIZ ADJACÊNCIA
 0 0 1 1 0 0 1 0 0 0
 0 0 0 0 1 0 0 0 1 0
 0 0 0 0 0 1 0 0 0 0
 0 0 0 0 0 0 0 1 1 0
 0 0 0 0 0 0 0 0 1 0
 0 0 0 0 0 0 1 0 0 0
 0 0 1 0 0 0 0 0 0 0
 0 0 0 0 0 0 0 0 0 1
 1 0 0 0 0 0 0 0 0 0
 0 0 0 0 0 0 0 1 0 0

 | INICIALIZANDO BUSCA EM PROFUNDIDADE |

  [buscas.h - busca_profundidade() -  Linha 104]:  Vértice Raiz: 0 Inicializado
  Inicializando restante dos vértices

  Vértice Inicializado: 1
  Vértice Inicializado: 2
  Vértice Inicializado: 3
  Vértice Inicializado: 4
  Vértice Inicializado: 5
  Vértice Inicializado: 6
  Vértice Inicializado: 7
  Vértice Inicializado: 8
  Vértice Inicializado: 9

  [buscas.h - visita_profundidade() -  Linha 32]:  DESCOBERTA DE 0: 1

  [buscas.h - visita_profundidade() -  Linha 41]:  A partir de 0 visitando: 2


  [buscas.h - visita_profundidade() -  Linha 32]:  DESCOBERTA DE 2: 2

  [buscas.h - visita_profundidade() -  Linha 41]:  A partir de 2 visitando: 5


  [buscas.h - visita_profundidade() -  Linha 32]:  DESCOBERTA DE 5: 3

  [buscas.h - visita_profundidade() -  Linha 41]:  A partir de 5 visitando: 6


  [buscas.h - visita_profundidade() -  Linha 32]:  DESCOBERTA DE 6: 4

  [buscas.h - visita_profundidade() -  Linha 52]:  FINALIZAÇÃO DE 6: 5


  [buscas.h - visita_profundidade() -  Linha 52]:  FINALIZAÇÃO DE 5: 6


  [buscas.h - visita_profundidade() -  Linha 52]:  FINALIZAÇÃO DE 2: 7


  [buscas.h - visita_profundidade() -  Linha 41]:  A partir de 0 visitando: 3


  [buscas.h - visita_profundidade() -  Linha 32]:  DESCOBERTA DE 3: 8

  [buscas.h - visita_profundidade() -  Linha 41]:  A partir de 3 visitando: 7


  [buscas.h - visita_profundidade() -  Linha 32]:  DESCOBERTA DE 7: 9

  [buscas.h - visita_profundidade() -  Linha 41]:  A partir de 7 visitando: 9


  [buscas.h - visita_profundidade() -  Linha 32]:  DESCOBERTA DE 9: 10

  [buscas.h - visita_profundidade() -  Linha 52]:  FINALIZAÇÃO DE 9: 11


  [buscas.h - visita_profundidade() -  Linha 52]:  FINALIZAÇÃO DE 7: 12


  [buscas.h - visita_profundidade() -  Linha 41]:  A partir de 3 visitando: 8


  [buscas.h - visita_profundidade() -  Linha 32]:  DESCOBERTA DE 8: 13

  [buscas.h - visita_profundidade() -  Linha 52]:  FINALIZAÇÃO DE 8: 14


  [buscas.h - visita_profundidade() -  Linha 52]:  FINALIZAÇÃO DE 3: 15


  [buscas.h - visita_profundidade() -  Linha 52]:  FINALIZAÇÃO DE 0: 16

  [buscas.h - visita_profundidade() -  Linha 32]:  DESCOBERTA DE 1: 17

  [buscas.h - visita_profundidade() -  Linha 41]:  A partir de 1 visitando: 4


  [buscas.h - visita_profundidade() -  Linha 32]:  DESCOBERTA DE 4: 18

  [buscas.h - visita_profundidade() -  Linha 52]:  FINALIZAÇÃO DE 4: 19


  [buscas.h - visita_profundidade() -  Linha 52]:  FINALIZAÇÃO DE 1: 20



 [buscas.h - busca_profundidade() -  Linha 144]: Tabela gerada gravada com sucesso no arquivo:  arquivos/tabela_profundidade2.txt
------------------------------------------------------------------------------------------------------------------------------------


[Sat Nov 16 14:55:03 2019] [arquivos/log_profundidade.log][Local: arquivos/2.txt]


 [matrizAdjacencia.h - le_matriz_arquivo() -  Linha 72] [matrizAdjacencia.h - print_matriz() -  Linha 36]:

 MATRIZ ADJACÊNCIA
 0 0 1 1 0 0 1 0 0 0
 0 0 0 0 1 0 0 0 1 0
 0 0 0 0 0 1 0 0 0 0
 0 0 0 0 0 0 0 1 1 0
 0 0 0 0 0 0 0 0 1 0
 0 0 0 0 0 0 1 0 0 0
 0 0 1 0 0 0 0 0 0 0
 0 0 0 0 0 0 0 0 0 1
 1 0 0 0 0 0 0 0 0 0
 0 0 0 0 0 0 0 1 0 0

 | INICIALIZANDO BUSCA EM LARGURA |

  [buscas.h - busca_largura() -  Linha 262]:  Vértice Raiz: 0 Inicializado
  Inicializando restante dos vértices

  [buscas.h - busca_largura() -  Linha 262]: Vértice Inicializado: 1
  [buscas.h - busca_largura() -  Linha 262]: Vértice Inicializado: 2
  [buscas.h - busca_largura() -  Linha 262]: Vértice Inicializado: 3
  [buscas.h - busca_largura() -  Linha 262]: Vértice Inicializado: 4
  [buscas.h - busca_largura() -  Linha 262]: Vértice Inicializado: 5
  [buscas.h - busca_largura() -  Linha 262]: Vértice Inicializado: 6
  [buscas.h - busca_largura() -  Linha 262]: Vértice Inicializado: 7
  [buscas.h - busca_largura() -  Linha 262]: Vértice Inicializado: 8
  [buscas.h - busca_largura() -  Linha 262]: Vértice Inicializado: 9


  [buscas.h - busca_largura() -  Linha 287]: Enfileirando a raiz 0

  [buscas.h - busca_largura() -  Linha 297]: Desenfileirando vértice: 0

  [buscas.h - busca_largura() -  Linha 310]: Verificando os vértices adjacentes brancos à: 0


  Atualizando vértice adjacente encontrado: 2
    [buscas.h - busca_largura() -  Linha 314]: Cor: c
    [buscas.h - busca_largura() -  Linha 315]: Distancia: 1
    [buscas.h - busca_largura() -  Linha 316]: Pai: 0


  Atualizando vértice adjacente encontrado: 3
    [buscas.h - busca_largura() -  Linha 314]: Cor: c
    [buscas.h - busca_largura() -  Linha 315]: Distancia: 1
    [buscas.h - busca_largura() -  Linha 316]: Pai: 0


  Atualizando vértice adjacente encontrado: 6
    [buscas.h - busca_largura() -  Linha 314]: Cor: c
    [buscas.h - busca_largura() -  Linha 315]: Distancia: 1
    [buscas.h - busca_largura() -  Linha 316]: Pai: 0

  [buscas.h - busca_largura() -  Linha 329]: Finalizando vertice atual : 0 - Cor: P

  [buscas.h - busca_largura() -  Linha 297]: Desenfileirando vértice: 2

  [buscas.h - busca_largura() -  Linha 310]: Verificando os vértices adjacentes brancos à: 2


  Atualizando vértice adjacente encontrado: 5
    [buscas.h - busca_largura() -  Linha 314]: Cor: c
    [buscas.h - busca_largura() -  Linha 315]: Distancia: 2
    [buscas.h - busca_largura() -  Linha 316]: Pai: 2

  [buscas.h - busca_largura() -  Linha 329]: Finalizando vertice atual : 2 - Cor: P

  [buscas.h - busca_largura() -  Linha 297]: Desenfileirando vértice: 3

  [buscas.h - busca_largura() -  Linha 310]: Verificando os vértices adjacentes brancos à: 3


  Atualizando vértice adjacente encontrado: 7
    [buscas.h - busca_largura() -  Linha 314]: Cor: c
    [buscas.h - busca_largura() -  Linha 315]: Distancia: 2
    [buscas.h - busca_largura() -  Linha 316]: Pai: 3


  Atualizando vértice adjacente encontrado: 8
    [buscas.h - busca_largura() -  Linha 314]: Cor: c
    [buscas.h - busca_largura() -  Linha 315]: Distancia: 2
    [buscas.h - busca_largura() -  Linha 316]: Pai: 3

  [buscas.h - busca_largura() -  Linha 329]: Finalizando vertice atual : 3 - Cor: P

  [buscas.h - busca_largura() -  Linha 297]: Desenfileirando vértice: 6

  [buscas.h - busca_largura() -  Linha 310]: Verificando os vértices adjacentes brancos à: 6

  [buscas.h - busca_largura() -  Linha 329]: Finalizando vertice atual : 6 - Cor: P

  [buscas.h - busca_largura() -  Linha 297]: Desenfileirando vértice: 5

  [buscas.h - busca_largura() -  Linha 310]: Verificando os vértices adjacentes brancos à: 5

  [buscas.h - busca_largura() -  Linha 329]: Finalizando vertice atual : 5 - Cor: P

  [buscas.h - busca_largura() -  Linha 297]: Desenfileirando vértice: 7

  [buscas.h - busca_largura() -  Linha 310]: Verificando os vértices adjacentes brancos à: 7


  Atualizando vértice adjacente encontrado: 9
    [buscas.h - busca_largura() -  Linha 314]: Cor: c
    [buscas.h - busca_largura() -  Linha 315]: Distancia: 3
    [buscas.h - busca_largura() -  Linha 316]: Pai: 7

  [buscas.h - busca_largura() -  Linha 329]: Finalizando vertice atual : 7 - Cor: P

  [buscas.h - busca_largura() -  Linha 297]: Desenfileirando vértice: 8

  [buscas.h - busca_largura() -  Linha 310]: Verificando os vértices adjacentes brancos à: 8

  [buscas.h - busca_largura() -  Linha 329]: Finalizando vertice atual : 8 - Cor: P

  [buscas.h - busca_largura() -  Linha 297]: Desenfileirando vértice: 9

  [buscas.h - busca_largura() -  Linha 310]: Verificando os vértices adjacentes brancos à: 9

  [buscas.h - busca_largura() -  Linha 329]: Finalizando vertice atual : 9 - Cor: P



 [buscas.h - busca_largura() -  Linha 217]: Tabela gerada gravada com sucesso no arquivo:  arquivos/tabela_largura2.txt
------------------------------------------------------------------------------------------------------------------------------------
